<?xml version="1.0" encoding="UTF-8"?>
<!-- Generated by org.testng.reporters.JUnitXMLReporter -->
<testsuite ignored="3" hostname="EC2AMAZ-S11DBRH" failures="0" tests="1" name="TestModule" time="7.632" errors="0" timestamp="2023-07-18T06:52:57 GMT">
  <testcase classname="testScript.GooglePageTest" name="javaSearch" time="4.653"/>
  <testcase classname="testScript.GooglePageTest" name="appiumSearch" time="0.0">
    <ignored/>
  </testcase> <!-- appiumSearch -->
  <testcase classname="testScript.GooglePageTest" name="seleniumSearch" time="0.0">
    <ignored/>
  </testcase> <!-- seleniumSearch -->
  <testcase classname="testScript.SampleClass2" name="pythonSearch" time="0.0">
    <ignored/>
  </testcase> <!-- pythonSearch -->
</testsuite> <!-- TestModule -->
