<?xml version="1.0" encoding="UTF-8"?>
<testng-results ignored="3" total="4" passed="1" failed="0" skipped="0">
  <reporter-output>
  </reporter-output>
  <suite started-at="2023-07-18T06:52:50 GMT" name="SampleSuite" finished-at="2023-07-18T06:52:57 GMT" duration-ms="7632">
    <groups>
      <group name="Featureone">
        <method signature="GooglePageTest.javaSearch()[pri:0, instance:testScript.GooglePageTest@27ff5d15]" name="javaSearch" class="testScript.GooglePageTest"/>
      </group> <!-- Featureone -->
    </groups>
    <test started-at="2023-07-18T06:52:50 GMT" name="TestModule" finished-at="2023-07-18T06:52:57 GMT" duration-ms="7632">
      <class name="testScript.GooglePageTest">
        <test-method is-config="true" signature="setUp()[pri:0, instance:testScript.GooglePageTest@27ff5d15]" started-at="2023-07-18T06:52:50 GMT" name="setUp" finished-at="2023-07-18T06:52:53 GMT" duration-ms="2767" status="PASS">
          <reporter-output>
          </reporter-output>
        </test-method> <!-- setUp -->
        <test-method signature="javaSearch()[pri:0, instance:testScript.GooglePageTest@27ff5d15]" started-at="2023-07-18T06:52:53 GMT" name="javaSearch" finished-at="2023-07-18T06:52:57 GMT" duration-ms="4653" status="PASS">
          <reporter-output>
          </reporter-output>
        </test-method> <!-- javaSearch -->
        <test-method is-config="true" signature="tearDown()[pri:0, instance:testScript.GooglePageTest@27ff5d15]" started-at="2023-07-18T06:52:57 GMT" name="tearDown" finished-at="2023-07-18T06:52:57 GMT" duration-ms="158" status="PASS">
          <reporter-output>
          </reporter-output>
        </test-method> <!-- tearDown -->
      </class> <!-- testScript.GooglePageTest -->
    </test> <!-- TestModule -->
  </suite> <!-- SampleSuite -->
</testng-results>
